<?xml version="1.0" encoding="UTF-8"?>
<testng-results ignored="0" total="1" passed="1" failed="0" skipped="0">
  <reporter-output>
  </reporter-output>
  <suite started-at="2021-04-29T21:09:48 IST" name="Default suite" finished-at="2021-04-29T21:10:19 IST" duration-ms="30734">
    <groups>
    </groups>
    <test started-at="2021-04-29T21:09:48 IST" name="Default test" finished-at="2021-04-29T21:10:19 IST" duration-ms="30734">
      <class name="com.automateDifficultSceanarios.HiddenElements">
        <test-method signature="ElementHidden()[pri:0, instance:com.automateDifficultSceanarios.HiddenElements@68c72235]" started-at="2021-04-29T21:09:48 IST" name="ElementHidden" finished-at="2021-04-29T21:10:19 IST" duration-ms="30680" status="PASS">
          <reporter-output>
          </reporter-output>
        </test-method> <!-- ElementHidden -->
      </class> <!-- com.automateDifficultSceanarios.HiddenElements -->
    </test> <!-- Default test -->
  </suite> <!-- Default suite -->
</testng-results>
